{"numFailedTestSuites":0,"numFailedTests":0,"numPassedTestSuites":1,"numPassedTests":15,"numPendingTestSuites":0,"numPendingTests":0,"numRuntimeErrorTestSuites":0,"numTotalTestSuites":1,"numTotalTests":15,"snapshot":{"added":0,"didUpdate":false,"failure":false,"filesAdded":0,"filesRemoved":0,"filesUnmatched":0,"filesUpdated":0,"matched":0,"total":0,"unchecked":0,"unmatched":0,"updated":0},"startTime":1577629854288,"success":true,"testResults":[{"assertionResults":[{"failureMessages":[],"status":"passed","title":"GFST1-GetFlight Component has a form has 4 input fields with proper name attribute"},{"failureMessages":[],"status":"passed","title":"GFST2-GetFlight Component has proper name attribute for error messages"},{"failureMessages":[],"status":"passed","title":"GFST3-GetFlight Component has a View Flights with the proper name attribute"},{"failureMessages":[],"status":"passed","title":"FDST1-Flight Details has h4 tags that display the flight data entered by user"},{"failureMessages":[],"status":"passed","title":"FDST2-Flight Details has cards to display the details of available flights"},{"failureMessages":[],"status":"passed","title":"FDST3-Flight Details has an add passenger details buttons with each available flight card and a back button"},{"failureMessages":[],"status":"passed","title":"CBST1-Create Booking has a flightDetails card to display the flight details choosen by the user"},{"failureMessages":[],"status":"passed","title":"CBST2-Create Booking has a flightDetails card that has a book and a home button with proper name attribute"},{"failureMessages":[],"status":"passed","title":"CBST3-Create Booking has select dropdown and input fields with proper name attributes"},{"failureMessages":[],"status":"passed","title":"CBST4-Create Booking component has an add buttton to add passenger details with proper name attribute"},{"failureMessages":[],"status":"passed","title":"CBST5-Create Booking component has a card to display the booking details in the success message"},{"failureMessages":[],"status":"passed","title":"CBST6-Create Booking component has a home button in the success message card with proper name attribute"},{"failureMessages":[],"status":"passed","title":"GBST1-Get Booking component has a form with a input field with proper name attribute"},{"failureMessages":[],"status":"passed","title":"GBST2-Get Booking component has a View Details button with proper name attrbute"},{"failureMessages":[],"status":"passed","title":"GBST2-Get Booking component displays the booking details in the card body"}],"endTime":1577629862090,"message":"","name":"C:\\Users\\nicky.prusty\\Desktop\\Work\\QP\\FA3 React\\Integrated\\flightbooking-master\\flightbooking-master\\FlightBooking_Solution\\flight-booking\\src\\App.test.js","startTime":1577629856408,"status":"passed","summary":""}],"wasInterrupted":false,"coverageMap":{"C:\\Users\\nicky.prusty\\Desktop\\Work\\QP\\FA3 React\\Integrated\\flightbooking-master\\flightbooking-master\\FlightBooking_Solution\\flight-booking\\src\\setupTests.js":{"path":"C:\\Users\\nicky.prusty\\Desktop\\Work\\QP\\FA3 React\\Integrated\\flightbooking-master\\flightbooking-master\\FlightBooking_Solution\\flight-booking\\src\\setupTests.js","statementMap":{"0":{"start":{"line":4,"column":0},"end":{"line":4,"column":38}}},"fnMap":{},"branchMap":{},"s":{"0":1},"f":{},"b":{},"_coverageSchema":"332fd63041d2c1bcb487cc26dd0d5f7d97098a6c","hash":"4782bcb78f9188c1f1591f9aede0404f29ec6ded"},"C:\\Users\\nicky.prusty\\Desktop\\Work\\QP\\FA3 React\\Integrated\\flightbooking-master\\flightbooking-master\\FlightBooking_Solution\\flight-booking\\src\\components\\CreateBooking.js":{"path":"C:\\Users\\nicky.prusty\\Desktop\\Work\\QP\\FA3 React\\Integrated\\flightbooking-master\\flightbooking-master\\FlightBooking_Solution\\flight-booking\\src\\components\\CreateBooking.js","statementMap":{"0":{"start":{"line":4,"column":12},"end":{"line":4,"column":47}},"1":{"start":{"line":8,"column":4},"end":{"line":8,"column":17}},"2":{"start":{"line":9,"column":4},"end":{"line":32,"column":6}},"3":{"start":{"line":36,"column":22},"end":{"line":36,"column":47}},"4":{"start":{"line":37,"column":4},"end":{"line":37,"column":60}},"5":{"start":{"line":38,"column":4},"end":{"line":38,"column":59}},"6":{"start":{"line":39,"column":4},"end":{"line":45,"column":9}},"7":{"start":{"line":41,"column":8},"end":{"line":41,"column":34}},"8":{"start":{"line":42,"column":8},"end":{"line":42,"column":75}},"9":{"start":{"line":44,"column":8},"end":{"line":44,"column":89}},"10":{"start":{"line":49,"column":19},"end":{"line":49,"column":31}},"11":{"start":{"line":50,"column":18},"end":{"line":50,"column":30}},"12":{"start":{"line":51,"column":17},"end":{"line":51,"column":28}},"13":{"start":{"line":52,"column":21},"end":{"line":52,"column":31}},"14":{"start":{"line":53,"column":4},"end":{"line":53,"column":56}},"15":{"start":{"line":54,"column":4},"end":{"line":54,"column":36}},"16":{"start":{"line":58,"column":32},"end":{"line":58,"column":59}},"17":{"start":{"line":59,"column":20},"end":{"line":59,"column":40}},"18":{"start":{"line":61,"column":4},"end":{"line":102,"column":5}},"19":{"start":{"line":63,"column":31},"end":{"line":63,"column":49}},"20":{"start":{"line":64,"column":8},"end":{"line":73,"column":9}},"21":{"start":{"line":65,"column":10},"end":{"line":65,"column":66}},"22":{"start":{"line":66,"column":10},"end":{"line":66,"column":38}},"23":{"start":{"line":67,"column":15},"end":{"line":73,"column":9}},"24":{"start":{"line":68,"column":10},"end":{"line":68,"column":83}},"25":{"start":{"line":69,"column":10},"end":{"line":69,"column":38}},"26":{"start":{"line":71,"column":10},"end":{"line":71,"column":52}},"27":{"start":{"line":72,"column":10},"end":{"line":72,"column":37}},"28":{"start":{"line":74,"column":8},"end":{"line":74,"column":14}},"29":{"start":{"line":76,"column":30},"end":{"line":76,"column":48}},"30":{"start":{"line":77,"column":8},"end":{"line":86,"column":9}},"31":{"start":{"line":78,"column":10},"end":{"line":78,"column":65}},"32":{"start":{"line":79,"column":10},"end":{"line":79,"column":37}},"33":{"start":{"line":80,"column":15},"end":{"line":86,"column":9}},"34":{"start":{"line":81,"column":10},"end":{"line":81,"column":81}},"35":{"start":{"line":82,"column":10},"end":{"line":82,"column":37}},"36":{"start":{"line":84,"column":10},"end":{"line":84,"column":51}},"37":{"start":{"line":85,"column":10},"end":{"line":85,"column":36}},"38":{"start":{"line":87,"column":8},"end":{"line":87,"column":14}},"39":{"start":{"line":89,"column":8},"end":{"line":98,"column":9}},"40":{"start":{"line":90,"column":10},"end":{"line":90,"column":60}},"41":{"start":{"line":91,"column":10},"end":{"line":91,"column":32}},"42":{"start":{"line":92,"column":15},"end":{"line":98,"column":9}},"43":{"start":{"line":93,"column":10},"end":{"line":93,"column":105}},"44":{"start":{"line":94,"column":10},"end":{"line":94,"column":32}},"45":{"start":{"line":96,"column":10},"end":{"line":96,"column":46}},"46":{"start":{"line":97,"column":10},"end":{"line":97,"column":28}},"47":{"start":{"line":99,"column":8},"end":{"line":99,"column":14}},"48":{"start":{"line":101,"column":8},"end":{"line":101,"column":14}},"49":{"start":{"line":103,"column":4},"end":{"line":106,"column":19}},"50":{"start":{"line":107,"column":4},"end":{"line":107,"column":104}},"51":{"start":{"line":110,"column":27},"end":{"line":110,"column":51}},"52":{"start":{"line":111,"column":4},"end":{"line":111,"column":42}},"53":{"start":{"line":112,"column":19},"end":{"line":112,"column":64}},"54":{"start":{"line":113,"column":26},"end":{"line":113,"column":88}},"55":{"start":{"line":114,"column":4},"end":{"line":114,"column":98}},"56":{"start":{"line":117,"column":4},"end":{"line":156,"column":5}},"57":{"start":{"line":118,"column":6},"end":{"line":155,"column":7}},"58":{"start":{"line":159,"column":4},"end":{"line":188,"column":5}},"59":{"start":{"line":181,"column":96},"end":{"line":181,"column":124}},"60":{"start":{"line":191,"column":4},"end":{"line":193,"column":5}},"61":{"start":{"line":192,"column":6},"end":{"line":192,"column":38}},"62":{"start":{"line":194,"column":4},"end":{"line":243,"column":5}},"63":{"start":{"line":195,"column":6},"end":{"line":240,"column":7}},"64":{"start":{"line":202,"column":22},"end":{"line":209,"column":23}},"65":{"start":{"line":233,"column":98},"end":{"line":233,"column":126}},"66":{"start":{"line":242,"column":6},"end":{"line":242,"column":42}}},"fnMap":{"0":{"name":"(anonymous_0)","decl":{"start":{"line":7,"column":2},"end":{"line":7,"column":3}},"loc":{"start":{"line":7,"column":21},"end":{"line":33,"column":3}},"line":7},"1":{"name":"(anonymous_1)","decl":{"start":{"line":35,"column":9},"end":{"line":35,"column":10}},"loc":{"start":{"line":35,"column":15},"end":{"line":46,"column":3}},"line":35},"2":{"name":"(anonymous_2)","decl":{"start":{"line":40,"column":12},"end":{"line":40,"column":13}},"loc":{"start":{"line":40,"column":24},"end":{"line":43,"column":7}},"line":40},"3":{"name":"(anonymous_3)","decl":{"start":{"line":43,"column":15},"end":{"line":43,"column":16}},"loc":{"start":{"line":43,"column":24},"end":{"line":45,"column":7}},"line":43},"4":{"name":"(anonymous_4)","decl":{"start":{"line":48,"column":17},"end":{"line":48,"column":18}},"loc":{"start":{"line":48,"column":26},"end":{"line":55,"column":3}},"line":48},"5":{"name":"(anonymous_5)","decl":{"start":{"line":57,"column":18},"end":{"line":57,"column":19}},"loc":{"start":{"line":57,"column":40},"end":{"line":108,"column":3}},"line":57},"6":{"name":"(anonymous_6)","decl":{"start":{"line":109,"column":21},"end":{"line":109,"column":22}},"loc":{"start":{"line":109,"column":25},"end":{"line":115,"column":3}},"line":109},"7":{"name":"(anonymous_7)","decl":{"start":{"line":116,"column":21},"end":{"line":116,"column":22}},"loc":{"start":{"line":116,"column":25},"end":{"line":157,"column":3}},"line":116},"8":{"name":"(anonymous_8)","decl":{"start":{"line":158,"column":24},"end":{"line":158,"column":25}},"loc":{"start":{"line":158,"column":28},"end":{"line":189,"column":3}},"line":158},"9":{"name":"(anonymous_9)","decl":{"start":{"line":181,"column":91},"end":{"line":181,"column":92}},"loc":{"start":{"line":181,"column":95},"end":{"line":181,"column":125}},"line":181},"10":{"name":"(anonymous_10)","decl":{"start":{"line":190,"column":2},"end":{"line":190,"column":3}},"loc":{"start":{"line":190,"column":11},"end":{"line":244,"column":3}},"line":190},"11":{"name":"(anonymous_11)","decl":{"start":{"line":201,"column":49},"end":{"line":201,"column":50}},"loc":{"start":{"line":201,"column":68},"end":{"line":210,"column":21}},"line":201},"12":{"name":"(anonymous_12)","decl":{"start":{"line":233,"column":93},"end":{"line":233,"column":94}},"loc":{"start":{"line":233,"column":97},"end":{"line":233,"column":127}},"line":233}},"branchMap":{"0":{"loc":{"start":{"line":61,"column":4},"end":{"line":102,"column":5}},"type":"switch","locations":[{"start":{"line":62,"column":6},"end":{"line":74,"column":14}},{"start":{"line":75,"column":6},"end":{"line":87,"column":14}},{"start":{"line":88,"column":6},"end":{"line":99,"column":14}},{"start":{"line":100,"column":6},"end":{"line":101,"column":14}}],"line":61},"1":{"loc":{"start":{"line":64,"column":8},"end":{"line":73,"column":9}},"type":"if","locations":[{"start":{"line":64,"column":8},"end":{"line":73,"column":9}},{"start":{"line":64,"column":8},"end":{"line":73,"column":9}}],"line":64},"2":{"loc":{"start":{"line":67,"column":15},"end":{"line":73,"column":9}},"type":"if","locations":[{"start":{"line":67,"column":15},"end":{"line":73,"column":9}},{"start":{"line":67,"column":15},"end":{"line":73,"column":9}}],"line":67},"3":{"loc":{"start":{"line":77,"column":8},"end":{"line":86,"column":9}},"type":"if","locations":[{"start":{"line":77,"column":8},"end":{"line":86,"column":9}},{"start":{"line":77,"column":8},"end":{"line":86,"column":9}}],"line":77},"4":{"loc":{"start":{"line":80,"column":15},"end":{"line":86,"column":9}},"type":"if","locations":[{"start":{"line":80,"column":15},"end":{"line":86,"column":9}},{"start":{"line":80,"column":15},"end":{"line":86,"column":9}}],"line":80},"5":{"loc":{"start":{"line":89,"column":8},"end":{"line":98,"column":9}},"type":"if","locations":[{"start":{"line":89,"column":8},"end":{"line":98,"column":9}},{"start":{"line":89,"column":8},"end":{"line":98,"column":9}}],"line":89},"6":{"loc":{"start":{"line":92,"column":15},"end":{"line":98,"column":9}},"type":"if","locations":[{"start":{"line":92,"column":15},"end":{"line":98,"column":9}},{"start":{"line":92,"column":15},"end":{"line":98,"column":9}}],"line":92},"7":{"loc":{"start":{"line":92,"column":18},"end":{"line":92,"column":37}},"type":"binary-expr","locations":[{"start":{"line":92,"column":18},"end":{"line":92,"column":25}},{"start":{"line":92,"column":29},"end":{"line":92,"column":37}}],"line":92},"8":{"loc":{"start":{"line":104,"column":6},"end":{"line":106,"column":19}},"type":"binary-expr","locations":[{"start":{"line":104,"column":6},"end":{"line":104,"column":25}},{"start":{"line":105,"column":6},"end":{"line":105,"column":24}},{"start":{"line":106,"column":6},"end":{"line":106,"column":19}}],"line":104},"9":{"loc":{"start":{"line":117,"column":4},"end":{"line":156,"column":5}},"type":"if","locations":[{"start":{"line":117,"column":4},"end":{"line":156,"column":5}},{"start":{"line":117,"column":4},"end":{"line":156,"column":5}}],"line":117},"10":{"loc":{"start":{"line":191,"column":4},"end":{"line":193,"column":5}},"type":"if","locations":[{"start":{"line":191,"column":4},"end":{"line":193,"column":5}},{"start":{"line":191,"column":4},"end":{"line":193,"column":5}}],"line":191},"11":{"loc":{"start":{"line":194,"column":4},"end":{"line":243,"column":5}},"type":"if","locations":[{"start":{"line":194,"column":4},"end":{"line":243,"column":5}},{"start":{"line":194,"column":4},"end":{"line":243,"column":5}}],"line":194},"12":{"loc":{"start":{"line":200,"column":18},"end":{"line":211,"column":25}},"type":"cond-expr","locations":[{"start":{"line":201,"column":20},"end":{"line":210,"column":22}},{"start":{"line":211,"column":21},"end":{"line":211,"column":25}}],"line":200}},"s":{"0":1,"1":6,"2":6,"3":0,"4":0,"5":0,"6":0,"7":0,"8":0,"9":0,"10":0,"11":0,"12":0,"13":0,"14":0,"15":0,"16":0,"17":0,"18":0,"19":0,"20":0,"21":0,"22":0,"23":0,"24":0,"25":0,"26":0,"27":0,"28":0,"29":0,"30":0,"31":0,"32":0,"33":0,"34":0,"35":0,"36":0,"37":0,"38":0,"39":0,"40":0,"41":0,"42":0,"43":0,"44":0,"45":0,"46":0,"47":0,"48":0,"49":0,"50":0,"51":0,"52":0,"53":0,"54":0,"55":0,"56":6,"57":6,"58":2,"59":0,"60":8,"61":0,"62":8,"63":6,"64":0,"65":0,"66":2},"f":{"0":6,"1":0,"2":0,"3":0,"4":0,"5":0,"6":0,"7":6,"8":2,"9":0,"10":8,"11":0,"12":0},"b":{"0":[0,0,0,0],"1":[0,0],"2":[0,0],"3":[0,0],"4":[0,0],"5":[0,0],"6":[0,0],"7":[0,0],"8":[0,0,0],"9":[6,0],"10":[0,8],"11":[6,2],"12":[0,6]},"_coverageSchema":"332fd63041d2c1bcb487cc26dd0d5f7d97098a6c","hash":"00b6e9307986ce70c42bd12c35275cac88faf93e"},"C:\\Users\\nicky.prusty\\Desktop\\Work\\QP\\FA3 React\\Integrated\\flightbooking-master\\flightbooking-master\\FlightBooking_Solution\\flight-booking\\src\\components\\GetFlights.js":{"path":"C:\\Users\\nicky.prusty\\Desktop\\Work\\QP\\FA3 React\\Integrated\\flightbooking-master\\flightbooking-master\\FlightBooking_Solution\\flight-booking\\src\\components\\GetFlights.js","statementMap":{"0":{"start":{"line":7,"column":12},"end":{"line":7,"column":47}},"1":{"start":{"line":11,"column":8},"end":{"line":11,"column":21}},"2":{"start":{"line":12,"column":8},"end":{"line":35,"column":9}},"3":{"start":{"line":38,"column":25},"end":{"line":38,"column":35}},"4":{"start":{"line":39,"column":8},"end":{"line":39,"column":61}},"5":{"start":{"line":40,"column":8},"end":{"line":45,"column":13}},"6":{"start":{"line":42,"column":12},"end":{"line":42,"column":78}},"7":{"start":{"line":44,"column":12},"end":{"line":44,"column":91}},"8":{"start":{"line":48,"column":8},"end":{"line":48,"column":31}},"9":{"start":{"line":49,"column":8},"end":{"line":49,"column":29}},"10":{"start":{"line":52,"column":23},"end":{"line":52,"column":35}},"11":{"start":{"line":53,"column":22},"end":{"line":53,"column":34}},"12":{"start":{"line":54,"column":21},"end":{"line":54,"column":32}},"13":{"start":{"line":55,"column":25},"end":{"line":55,"column":35}},"14":{"start":{"line":56,"column":8},"end":{"line":56,"column":60}},"15":{"start":{"line":57,"column":8},"end":{"line":57,"column":40}},"16":{"start":{"line":60,"column":36},"end":{"line":60,"column":63}},"17":{"start":{"line":61,"column":24},"end":{"line":61,"column":44}},"18":{"start":{"line":63,"column":8},"end":{"line":121,"column":9}},"19":{"start":{"line":65,"column":36},"end":{"line":65,"column":54}},"20":{"start":{"line":66,"column":16},"end":{"line":75,"column":17}},"21":{"start":{"line":67,"column":16},"end":{"line":67,"column":69}},"22":{"start":{"line":68,"column":16},"end":{"line":68,"column":46}},"23":{"start":{"line":69,"column":23},"end":{"line":75,"column":17}},"24":{"start":{"line":70,"column":16},"end":{"line":70,"column":87}},"25":{"start":{"line":71,"column":16},"end":{"line":71,"column":46}},"26":{"start":{"line":73,"column":16},"end":{"line":73,"column":55}},"27":{"start":{"line":74,"column":16},"end":{"line":74,"column":45}},"28":{"start":{"line":76,"column":16},"end":{"line":76,"column":22}},"29":{"start":{"line":78,"column":41},"end":{"line":78,"column":59}},"30":{"start":{"line":79,"column":16},"end":{"line":88,"column":17}},"31":{"start":{"line":80,"column":16},"end":{"line":80,"column":74}},"32":{"start":{"line":81,"column":16},"end":{"line":81,"column":51}},"33":{"start":{"line":82,"column":23},"end":{"line":88,"column":17}},"34":{"start":{"line":83,"column":16},"end":{"line":83,"column":97}},"35":{"start":{"line":84,"column":16},"end":{"line":84,"column":51}},"36":{"start":{"line":86,"column":16},"end":{"line":86,"column":60}},"37":{"start":{"line":87,"column":16},"end":{"line":87,"column":50}},"38":{"start":{"line":89,"column":16},"end":{"line":89,"column":22}},"39":{"start":{"line":91,"column":30},"end":{"line":91,"column":40}},"40":{"start":{"line":92,"column":33},"end":{"line":92,"column":48}},"41":{"start":{"line":93,"column":16},"end":{"line":102,"column":17}},"42":{"start":{"line":94,"column":20},"end":{"line":94,"column":80}},"43":{"start":{"line":95,"column":20},"end":{"line":95,"column":57}},"44":{"start":{"line":96,"column":23},"end":{"line":102,"column":17}},"45":{"start":{"line":97,"column":20},"end":{"line":97,"column":103}},"46":{"start":{"line":98,"column":20},"end":{"line":98,"column":57}},"47":{"start":{"line":100,"column":20},"end":{"line":100,"column":66}},"48":{"start":{"line":101,"column":20},"end":{"line":101,"column":56}},"49":{"start":{"line":103,"column":16},"end":{"line":103,"column":22}},"50":{"start":{"line":105,"column":16},"end":{"line":117,"column":17}},"51":{"start":{"line":106,"column":20},"end":{"line":106,"column":78}},"52":{"start":{"line":107,"column":20},"end":{"line":107,"column":55}},"53":{"start":{"line":108,"column":23},"end":{"line":117,"column":17}},"54":{"start":{"line":109,"column":20},"end":{"line":109,"column":103}},"55":{"start":{"line":110,"column":20},"end":{"line":110,"column":55}},"56":{"start":{"line":111,"column":23},"end":{"line":117,"column":17}},"57":{"start":{"line":112,"column":20},"end":{"line":112,"column":96}},"58":{"start":{"line":113,"column":20},"end":{"line":113,"column":55}},"59":{"start":{"line":115,"column":20},"end":{"line":115,"column":64}},"60":{"start":{"line":116,"column":20},"end":{"line":116,"column":54}},"61":{"start":{"line":118,"column":16},"end":{"line":118,"column":22}},"62":{"start":{"line":120,"column":16},"end":{"line":120,"column":22}},"63":{"start":{"line":122,"column":8},"end":{"line":126,"column":36}},"64":{"start":{"line":127,"column":8},"end":{"line":127,"column":88}},"65":{"start":{"line":130,"column":8},"end":{"line":185,"column":9}},"66":{"start":{"line":131,"column":12},"end":{"line":131,"column":105}},"67":{"start":{"line":133,"column":12},"end":{"line":184,"column":13}}},"fnMap":{"0":{"name":"(anonymous_0)","decl":{"start":{"line":10,"column":4},"end":{"line":10,"column":5}},"loc":{"start":{"line":10,"column":22},"end":{"line":36,"column":5}},"line":10},"1":{"name":"(anonymous_1)","decl":{"start":{"line":37,"column":20},"end":{"line":37,"column":21}},"loc":{"start":{"line":37,"column":26},"end":{"line":46,"column":5}},"line":37},"2":{"name":"(anonymous_2)","decl":{"start":{"line":41,"column":16},"end":{"line":41,"column":17}},"loc":{"start":{"line":41,"column":28},"end":{"line":43,"column":11}},"line":41},"3":{"name":"(anonymous_3)","decl":{"start":{"line":43,"column":19},"end":{"line":43,"column":20}},"loc":{"start":{"line":43,"column":28},"end":{"line":45,"column":11}},"line":43},"4":{"name":"(anonymous_4)","decl":{"start":{"line":47,"column":19},"end":{"line":47,"column":20}},"loc":{"start":{"line":47,"column":28},"end":{"line":50,"column":5}},"line":47},"5":{"name":"(anonymous_5)","decl":{"start":{"line":51,"column":19},"end":{"line":51,"column":20}},"loc":{"start":{"line":51,"column":28},"end":{"line":58,"column":5}},"line":51},"6":{"name":"(anonymous_6)","decl":{"start":{"line":59,"column":20},"end":{"line":59,"column":21}},"loc":{"start":{"line":59,"column":42},"end":{"line":128,"column":5}},"line":59},"7":{"name":"(anonymous_7)","decl":{"start":{"line":129,"column":4},"end":{"line":129,"column":5}},"loc":{"start":{"line":129,"column":12},"end":{"line":186,"column":5}},"line":129}},"branchMap":{"0":{"loc":{"start":{"line":63,"column":8},"end":{"line":121,"column":9}},"type":"switch","locations":[{"start":{"line":64,"column":12},"end":{"line":76,"column":22}},{"start":{"line":77,"column":12},"end":{"line":89,"column":22}},{"start":{"line":90,"column":12},"end":{"line":103,"column":22}},{"start":{"line":104,"column":12},"end":{"line":118,"column":22}},{"start":{"line":119,"column":12},"end":{"line":120,"column":22}}],"line":63},"1":{"loc":{"start":{"line":66,"column":16},"end":{"line":75,"column":17}},"type":"if","locations":[{"start":{"line":66,"column":16},"end":{"line":75,"column":17}},{"start":{"line":66,"column":16},"end":{"line":75,"column":17}}],"line":66},"2":{"loc":{"start":{"line":69,"column":23},"end":{"line":75,"column":17}},"type":"if","locations":[{"start":{"line":69,"column":23},"end":{"line":75,"column":17}},{"start":{"line":69,"column":23},"end":{"line":75,"column":17}}],"line":69},"3":{"loc":{"start":{"line":79,"column":16},"end":{"line":88,"column":17}},"type":"if","locations":[{"start":{"line":79,"column":16},"end":{"line":88,"column":17}},{"start":{"line":79,"column":16},"end":{"line":88,"column":17}}],"line":79},"4":{"loc":{"start":{"line":82,"column":23},"end":{"line":88,"column":17}},"type":"if","locations":[{"start":{"line":82,"column":23},"end":{"line":88,"column":17}},{"start":{"line":82,"column":23},"end":{"line":88,"column":17}}],"line":82},"5":{"loc":{"start":{"line":93,"column":16},"end":{"line":102,"column":17}},"type":"if","locations":[{"start":{"line":93,"column":16},"end":{"line":102,"column":17}},{"start":{"line":93,"column":16},"end":{"line":102,"column":17}}],"line":93},"6":{"loc":{"start":{"line":96,"column":23},"end":{"line":102,"column":17}},"type":"if","locations":[{"start":{"line":96,"column":23},"end":{"line":102,"column":17}},{"start":{"line":96,"column":23},"end":{"line":102,"column":17}}],"line":96},"7":{"loc":{"start":{"line":105,"column":16},"end":{"line":117,"column":17}},"type":"if","locations":[{"start":{"line":105,"column":16},"end":{"line":117,"column":17}},{"start":{"line":105,"column":16},"end":{"line":117,"column":17}}],"line":105},"8":{"loc":{"start":{"line":108,"column":23},"end":{"line":117,"column":17}},"type":"if","locations":[{"start":{"line":108,"column":23},"end":{"line":117,"column":17}},{"start":{"line":108,"column":23},"end":{"line":117,"column":17}}],"line":108},"9":{"loc":{"start":{"line":111,"column":23},"end":{"line":117,"column":17}},"type":"if","locations":[{"start":{"line":111,"column":23},"end":{"line":117,"column":17}},{"start":{"line":111,"column":23},"end":{"line":117,"column":17}}],"line":111},"10":{"loc":{"start":{"line":123,"column":10},"end":{"line":126,"column":36}},"type":"binary-expr","locations":[{"start":{"line":123,"column":10},"end":{"line":123,"column":31}},{"start":{"line":124,"column":10},"end":{"line":124,"column":36}},{"start":{"line":125,"column":10},"end":{"line":125,"column":38}},{"start":{"line":126,"column":10},"end":{"line":126,"column":36}}],"line":123},"11":{"loc":{"start":{"line":130,"column":8},"end":{"line":185,"column":9}},"type":"if","locations":[{"start":{"line":130,"column":8},"end":{"line":185,"column":9}},{"start":{"line":130,"column":8},"end":{"line":185,"column":9}}],"line":130}},"s":{"0":1,"1":3,"2":3,"3":0,"4":0,"5":0,"6":0,"7":0,"8":0,"9":0,"10":0,"11":0,"12":0,"13":0,"14":0,"15":0,"16":0,"17":0,"18":0,"19":0,"20":0,"21":0,"22":0,"23":0,"24":0,"25":0,"26":0,"27":0,"28":0,"29":0,"30":0,"31":0,"32":0,"33":0,"34":0,"35":0,"36":0,"37":0,"38":0,"39":0,"40":0,"41":0,"42":0,"43":0,"44":0,"45":0,"46":0,"47":0,"48":0,"49":0,"50":0,"51":0,"52":0,"53":0,"54":0,"55":0,"56":0,"57":0,"58":0,"59":0,"60":0,"61":0,"62":0,"63":0,"64":0,"65":3,"66":0,"67":3},"f":{"0":3,"1":0,"2":0,"3":0,"4":0,"5":0,"6":0,"7":3},"b":{"0":[0,0,0,0,0],"1":[0,0],"2":[0,0],"3":[0,0],"4":[0,0],"5":[0,0],"6":[0,0],"7":[0,0],"8":[0,0],"9":[0,0],"10":[0,0,0,0],"11":[0,3]},"_coverageSchema":"332fd63041d2c1bcb487cc26dd0d5f7d97098a6c","hash":"b1146450df82002c3988df85480f526b9bb39d4d"},"C:\\Users\\nicky.prusty\\Desktop\\Work\\QP\\FA3 React\\Integrated\\flightbooking-master\\flightbooking-master\\FlightBooking_Solution\\flight-booking\\src\\components\\flightDetails.js":{"path":"C:\\Users\\nicky.prusty\\Desktop\\Work\\QP\\FA3 React\\Integrated\\flightbooking-master\\flightbooking-master\\FlightBooking_Solution\\flight-booking\\src\\components\\flightDetails.js","statementMap":{"0":{"start":{"line":8,"column":8},"end":{"line":8,"column":21}},"1":{"start":{"line":9,"column":8},"end":{"line":15,"column":9}},"2":{"start":{"line":18,"column":8},"end":{"line":28,"column":10}},"3":{"start":{"line":32,"column":8},"end":{"line":99,"column":9}},"4":{"start":{"line":33,"column":12},"end":{"line":33,"column":44}},"5":{"start":{"line":35,"column":13},"end":{"line":99,"column":9}},"6":{"start":{"line":36,"column":12},"end":{"line":36,"column":78}},"7":{"start":{"line":38,"column":12},"end":{"line":98,"column":13}},"8":{"start":{"line":63,"column":99},"end":{"line":63,"column":137}},"9":{"start":{"line":67,"column":28},"end":{"line":92,"column":33}},"10":{"start":{"line":86,"column":119},"end":{"line":86,"column":244}}},"fnMap":{"0":{"name":"(anonymous_0)","decl":{"start":{"line":7,"column":4},"end":{"line":7,"column":5}},"loc":{"start":{"line":7,"column":22},"end":{"line":16,"column":5}},"line":7},"1":{"name":"(anonymous_1)","decl":{"start":{"line":17,"column":24},"end":{"line":17,"column":25}},"loc":{"start":{"line":17,"column":55},"end":{"line":30,"column":5}},"line":17},"2":{"name":"(anonymous_2)","decl":{"start":{"line":31,"column":4},"end":{"line":31,"column":5}},"loc":{"start":{"line":31,"column":12},"end":{"line":100,"column":5}},"line":31},"3":{"name":"(anonymous_3)","decl":{"start":{"line":63,"column":94},"end":{"line":63,"column":95}},"loc":{"start":{"line":63,"column":98},"end":{"line":63,"column":138}},"line":63},"4":{"name":"(anonymous_4)","decl":{"start":{"line":66,"column":69},"end":{"line":66,"column":70}},"loc":{"start":{"line":66,"column":87},"end":{"line":93,"column":29}},"line":66},"5":{"name":"(anonymous_5)","decl":{"start":{"line":86,"column":114},"end":{"line":86,"column":115}},"loc":{"start":{"line":86,"column":118},"end":{"line":86,"column":245}},"line":86}},"branchMap":{"0":{"loc":{"start":{"line":32,"column":8},"end":{"line":99,"column":9}},"type":"if","locations":[{"start":{"line":32,"column":8},"end":{"line":99,"column":9}},{"start":{"line":32,"column":8},"end":{"line":99,"column":9}}],"line":32},"1":{"loc":{"start":{"line":35,"column":13},"end":{"line":99,"column":9}},"type":"if","locations":[{"start":{"line":35,"column":13},"end":{"line":99,"column":9}},{"start":{"line":35,"column":13},"end":{"line":99,"column":9}}],"line":35}},"s":{"0":3,"1":3,"2":0,"3":3,"4":0,"5":3,"6":0,"7":3,"8":0,"9":15,"10":0},"f":{"0":3,"1":0,"2":3,"3":0,"4":15,"5":0},"b":{"0":[0,3],"1":[0,3]},"_coverageSchema":"332fd63041d2c1bcb487cc26dd0d5f7d97098a6c","hash":"f3f9353cad62edfcddac62406d6131f88be4ec5f"},"C:\\Users\\nicky.prusty\\Desktop\\Work\\QP\\FA3 React\\Integrated\\flightbooking-master\\flightbooking-master\\FlightBooking_Solution\\flight-booking\\src\\components\\GetBookings.js":{"path":"C:\\Users\\nicky.prusty\\Desktop\\Work\\QP\\FA3 React\\Integrated\\flightbooking-master\\flightbooking-master\\FlightBooking_Solution\\flight-booking\\src\\components\\GetBookings.js","statementMap":{"0":{"start":{"line":5,"column":12},"end":{"line":5,"column":55}},"1":{"start":{"line":9,"column":4},"end":{"line":9,"column":17}},"2":{"start":{"line":10,"column":4},"end":{"line":14,"column":6}},"3":{"start":{"line":18,"column":4},"end":{"line":18,"column":27}},"4":{"start":{"line":19,"column":4},"end":{"line":19,"column":58}},"5":{"start":{"line":20,"column":4},"end":{"line":25,"column":9}},"6":{"start":{"line":22,"column":8},"end":{"line":22,"column":75}},"7":{"start":{"line":24,"column":8},"end":{"line":24,"column":88}},"8":{"start":{"line":28,"column":19},"end":{"line":28,"column":31}},"9":{"start":{"line":29,"column":18},"end":{"line":29,"column":30}},"10":{"start":{"line":30,"column":4},"end":{"line":30,"column":39}},"11":{"start":{"line":34,"column":4},"end":{"line":71,"column":6}}},"fnMap":{"0":{"name":"(anonymous_0)","decl":{"start":{"line":8,"column":2},"end":{"line":8,"column":3}},"loc":{"start":{"line":8,"column":21},"end":{"line":15,"column":3}},"line":8},"1":{"name":"(anonymous_1)","decl":{"start":{"line":17,"column":17},"end":{"line":17,"column":18}},"loc":{"start":{"line":17,"column":28},"end":{"line":26,"column":3}},"line":17},"2":{"name":"(anonymous_2)","decl":{"start":{"line":21,"column":12},"end":{"line":21,"column":13}},"loc":{"start":{"line":21,"column":24},"end":{"line":23,"column":7}},"line":21},"3":{"name":"(anonymous_3)","decl":{"start":{"line":23,"column":15},"end":{"line":23,"column":16}},"loc":{"start":{"line":23,"column":24},"end":{"line":25,"column":7}},"line":23},"4":{"name":"(anonymous_4)","decl":{"start":{"line":27,"column":17},"end":{"line":27,"column":18}},"loc":{"start":{"line":27,"column":26},"end":{"line":31,"column":3}},"line":27},"5":{"name":"(anonymous_5)","decl":{"start":{"line":33,"column":2},"end":{"line":33,"column":3}},"loc":{"start":{"line":33,"column":11},"end":{"line":72,"column":3}},"line":33}},"branchMap":{"0":{"loc":{"start":{"line":48,"column":20},"end":{"line":63,"column":26}},"type":"cond-expr","locations":[{"start":{"line":49,"column":22},"end":{"line":62,"column":28}},{"start":{"line":63,"column":22},"end":{"line":63,"column":26}}],"line":48}},"s":{"0":1,"1":3,"2":3,"3":0,"4":0,"5":0,"6":0,"7":0,"8":0,"9":0,"10":0,"11":4},"f":{"0":3,"1":0,"2":0,"3":0,"4":0,"5":4},"b":{"0":[1,3]},"_coverageSchema":"332fd63041d2c1bcb487cc26dd0d5f7d97098a6c","hash":"20594b023f1cf2433ce9af7e6c4143b42038b7a8"},"C:\\Users\\nicky.prusty\\Desktop\\Work\\QP\\FA3 React\\Integrated\\flightbooking-master\\flightbooking-master\\FlightBooking_Solution\\flight-booking\\src\\App.js":{"path":"C:\\Users\\nicky.prusty\\Desktop\\Work\\QP\\FA3 React\\Integrated\\flightbooking-master\\flightbooking-master\\FlightBooking_Solution\\flight-booking\\src\\App.js","statementMap":{"0":{"start":{"line":1,"column":13},"end":{"line":1,"column":75}},"1":{"start":{"line":1,"column":94},"end":{"line":1,"column":258}},"2":{"start":{"line":1,"column":272},"end":{"line":1,"column":288}},"3":{"start":{"line":1,"column":303},"end":{"line":1,"column":333}},"4":{"start":{"line":2,"column":22},"end":{"line":2,"column":49}},"5":{"start":{"line":3,"column":19},"end":{"line":3,"column":54}},"6":{"start":{"line":3,"column":75},"end":{"line":3,"column":111}},"7":{"start":{"line":4,"column":18},"end":{"line":4,"column":52}},"8":{"start":{"line":4,"column":72},"end":{"line":4,"column":107}},"9":{"start":{"line":6,"column":17},"end":{"line":6,"column":50}},"10":{"start":{"line":6,"column":69},"end":{"line":6,"column":103}},"11":{"start":{"line":7,"column":0},"end":{"line":7,"column":21}},"12":{"start":{"line":7,"column":59},"end":{"line":7,"column":113}},"13":{"start":{"line":11,"column":4},"end":{"line":38,"column":185}},"14":{"start":{"line":43,"column":4},"end":{"line":46,"column":8}}},"fnMap":{"0":{"name":"_interopRequireDefault","decl":{"start":{"line":7,"column":30},"end":{"line":7,"column":52}},"loc":{"start":{"line":7,"column":58},"end":{"line":7,"column":114}},"line":7},"1":{"name":"(anonymous_1)","decl":{"start":{"line":10,"column":2},"end":{"line":10,"column":3}},"loc":{"start":{"line":10,"column":11},"end":{"line":43,"column":3}},"line":10}},"branchMap":{"0":{"loc":{"start":{"line":7,"column":66},"end":{"line":7,"column":112}},"type":"cond-expr","locations":[{"start":{"line":7,"column":90},"end":{"line":7,"column":93}},{"start":{"line":7,"column":96},"end":{"line":7,"column":112}}],"line":7},"1":{"loc":{"start":{"line":7,"column":66},"end":{"line":7,"column":87}},"type":"binary-expr","locations":[{"start":{"line":7,"column":66},"end":{"line":7,"column":69}},{"start":{"line":7,"column":73},"end":{"line":7,"column":87}}],"line":7}},"s":{"0":0,"1":0,"2":0,"3":0,"4":0,"5":0,"6":0,"7":0,"8":0,"9":0,"10":0,"11":0,"12":0,"13":0,"14":0},"f":{"0":0,"1":0},"b":{"0":[0,0],"1":[0,0]}},"C:\\Users\\nicky.prusty\\Desktop\\Work\\QP\\FA3 React\\Integrated\\flightbooking-master\\flightbooking-master\\FlightBooking_Solution\\flight-booking\\src\\registerServiceWorker.js":{"path":"C:\\Users\\nicky.prusty\\Desktop\\Work\\QP\\FA3 React\\Integrated\\flightbooking-master\\flightbooking-master\\FlightBooking_Solution\\flight-booking\\src\\registerServiceWorker.js","statementMap":{"0":{"start":{"line":1,"column":13},"end":{"line":1,"column":75}},"1":{"start":{"line":1,"column":75},"end":{"line":21,"column":9}},"2":{"start":{"line":21,"column":9},"end":{"line":111,"column":24}},"3":{"start":{"line":118,"column":20},"end":{"line":120,"column":89}},"4":{"start":{"line":120,"column":111},"end":{"line":128,"column":36}},"5":{"start":{"line":121,"column":22},"end":{"line":121,"column":70}},"6":{"start":{"line":121,"column":71},"end":{"line":124,"column":14}},"7":{"start":{"line":124,"column":6},"end":{"line":124,"column":13}},"8":{"start":{"line":124,"column":14},"end":{"line":128,"column":35}},"9":{"start":{"line":124,"column":67},"end":{"line":124,"column":112}},"10":{"start":{"line":124,"column":113},"end":{"line":128,"column":32}},"11":{"start":{"line":125,"column":8},"end":{"line":125,"column":39}},"12":{"start":{"line":127,"column":8},"end":{"line":127,"column":178}},"13":{"start":{"line":127,"column":50},"end":{"line":127,"column":175}},"14":{"start":{"line":128,"column":8},"end":{"line":128,"column":31}},"15":{"start":{"line":128,"column":70},"end":{"line":135,"column":156}},"16":{"start":{"line":128,"column":132},"end":{"line":135,"column":68}},"17":{"start":{"line":128,"column":193},"end":{"line":128,"column":216}},"18":{"start":{"line":128,"column":217},"end":{"line":135,"column":66}},"19":{"start":{"line":128,"column":257},"end":{"line":135,"column":64}},"20":{"start":{"line":128,"column":302},"end":{"line":135,"column":63}},"21":{"start":{"line":132,"column":12},"end":{"line":132,"column":69}},"22":{"start":{"line":135,"column":12},"end":{"line":135,"column":62}},"23":{"start":{"line":135,"column":87},"end":{"line":135,"column":153}},"24":{"start":{"line":136,"column":2},"end":{"line":139,"column":126}},"25":{"start":{"line":137,"column":4},"end":{"line":139,"column":30}},"26":{"start":{"line":138,"column":6},"end":{"line":138,"column":127}},"27":{"start":{"line":138,"column":58},"end":{"line":138,"column":124}},"28":{"start":{"line":138,"column":96},"end":{"line":138,"column":121}},"29":{"start":{"line":139,"column":6},"end":{"line":139,"column":29}},"30":{"start":{"line":139,"column":46},"end":{"line":139,"column":123}},"31":{"start":{"line":139,"column":150},"end":{"line":139,"column":267}},"32":{"start":{"line":139,"column":185},"end":{"line":139,"column":266}},"33":{"start":{"line":139,"column":237},"end":{"line":139,"column":263}}},"fnMap":{"0":{"name":"register","decl":{"start":{"line":120,"column":99},"end":{"line":120,"column":107}},"loc":{"start":{"line":120,"column":110},"end":{"line":128,"column":37}},"line":120},"1":{"name":"(anonymous_1)","decl":{"start":{"line":124,"column":46},"end":{"line":124,"column":47}},"loc":{"start":{"line":124,"column":52},"end":{"line":128,"column":33}},"line":124},"2":{"name":"(anonymous_2)","decl":{"start":{"line":127,"column":43},"end":{"line":127,"column":44}},"loc":{"start":{"line":127,"column":49},"end":{"line":127,"column":176}},"line":127},"3":{"name":"registerValidSW","decl":{"start":{"line":128,"column":46},"end":{"line":128,"column":61}},"loc":{"start":{"line":128,"column":69},"end":{"line":135,"column":157}},"line":128},"4":{"name":"(anonymous_4)","decl":{"start":{"line":128,"column":115},"end":{"line":128,"column":116}},"loc":{"start":{"line":128,"column":131},"end":{"line":135,"column":69}},"line":128},"5":{"name":"(anonymous_5)","decl":{"start":{"line":128,"column":161},"end":{"line":128,"column":162}},"loc":{"start":{"line":128,"column":167},"end":{"line":135,"column":67}},"line":128},"6":{"name":"(anonymous_6)","decl":{"start":{"line":128,"column":250},"end":{"line":128,"column":251}},"loc":{"start":{"line":128,"column":256},"end":{"line":135,"column":65}},"line":128},"7":{"name":"(anonymous_7)","decl":{"start":{"line":135,"column":77},"end":{"line":135,"column":78}},"loc":{"start":{"line":135,"column":86},"end":{"line":135,"column":154}},"line":135},"8":{"name":"checkValidServiceWorker","decl":{"start":{"line":135,"column":166},"end":{"line":135,"column":189}},"loc":{"start":{"line":135,"column":197},"end":{"line":139,"column":127}},"line":135},"9":{"name":"(anonymous_9)","decl":{"start":{"line":136,"column":20},"end":{"line":136,"column":21}},"loc":{"start":{"line":136,"column":32},"end":{"line":139,"column":31}},"line":136},"10":{"name":"(anonymous_10)","decl":{"start":{"line":138,"column":41},"end":{"line":138,"column":42}},"loc":{"start":{"line":138,"column":57},"end":{"line":138,"column":125}},"line":138},"11":{"name":"(anonymous_11)","decl":{"start":{"line":138,"column":89},"end":{"line":138,"column":90}},"loc":{"start":{"line":138,"column":95},"end":{"line":138,"column":122}},"line":138},"12":{"name":"(anonymous_12)","decl":{"start":{"line":139,"column":39},"end":{"line":139,"column":40}},"loc":{"start":{"line":139,"column":45},"end":{"line":139,"column":124}},"line":139},"13":{"name":"unregister","decl":{"start":{"line":139,"column":136},"end":{"line":139,"column":146}},"loc":{"start":{"line":139,"column":149},"end":{"line":139,"column":268}},"line":139},"14":{"name":"(anonymous_14)","decl":{"start":{"line":139,"column":220},"end":{"line":139,"column":221}},"loc":{"start":{"line":139,"column":236},"end":{"line":139,"column":264}},"line":139}},"branchMap":{"0":{"loc":{"start":{"line":118,"column":28},"end":{"line":120,"column":88}},"type":"binary-expr","locations":[{"start":{"line":118,"column":28},"end":{"line":118,"column":68}},{"start":{"line":119,"column":0},"end":{"line":119,"column":36}},{"start":{"line":120,"column":0},"end":{"line":120,"column":88}}],"line":118},"1":{"loc":{"start":{"line":120,"column":111},"end":{"line":128,"column":36}},"type":"if","locations":[{"start":{"line":120,"column":111},"end":{"line":128,"column":36}},{"start":{"line":120,"column":111},"end":{"line":128,"column":36}}],"line":120},"2":{"loc":{"start":{"line":120,"column":115},"end":{"line":120,"column":184}},"type":"binary-expr","locations":[{"start":{"line":120,"column":115},"end":{"line":120,"column":152}},{"start":{"line":120,"column":156},"end":{"line":120,"column":184}}],"line":120},"3":{"loc":{"start":{"line":121,"column":71},"end":{"line":124,"column":14}},"type":"if","locations":[{"start":{"line":121,"column":71},"end":{"line":124,"column":14}},{"start":{"line":121,"column":71},"end":{"line":124,"column":14}}],"line":121},"4":{"loc":{"start":{"line":124,"column":113},"end":{"line":128,"column":32}},"type":"if","locations":[{"start":{"line":124,"column":113},"end":{"line":128,"column":32}},{"start":{"line":124,"column":113},"end":{"line":128,"column":32}}],"line":124},"5":{"loc":{"start":{"line":128,"column":257},"end":{"line":135,"column":64}},"type":"if","locations":[{"start":{"line":128,"column":257},"end":{"line":135,"column":64}},{"start":{"line":128,"column":257},"end":{"line":135,"column":64}}],"line":128},"6":{"loc":{"start":{"line":128,"column":302},"end":{"line":135,"column":63}},"type":"if","locations":[{"start":{"line":128,"column":302},"end":{"line":135,"column":63}},{"start":{"line":128,"column":302},"end":{"line":135,"column":63}}],"line":128},"7":{"loc":{"start":{"line":137,"column":4},"end":{"line":139,"column":30}},"type":"if","locations":[{"start":{"line":137,"column":4},"end":{"line":139,"column":30}},{"start":{"line":137,"column":4},"end":{"line":139,"column":30}}],"line":137},"8":{"loc":{"start":{"line":137,"column":8},"end":{"line":137,"column":100}},"type":"binary-expr","locations":[{"start":{"line":137,"column":8},"end":{"line":137,"column":31}},{"start":{"line":137,"column":35},"end":{"line":137,"column":100}}],"line":137},"9":{"loc":{"start":{"line":139,"column":150},"end":{"line":139,"column":267}},"type":"if","locations":[{"start":{"line":139,"column":150},"end":{"line":139,"column":267}},{"start":{"line":139,"column":150},"end":{"line":139,"column":267}}],"line":139}},"s":{"0":0,"1":0,"2":0,"3":0,"4":0,"5":0,"6":0,"7":0,"8":0,"9":0,"10":0,"11":0,"12":0,"13":0,"14":0,"15":0,"16":0,"17":0,"18":0,"19":0,"20":0,"21":0,"22":0,"23":0,"24":0,"25":0,"26":0,"27":0,"28":0,"29":0,"30":0,"31":0,"32":0,"33":0},"f":{"0":0,"1":0,"2":0,"3":0,"4":0,"5":0,"6":0,"7":0,"8":0,"9":0,"10":0,"11":0,"12":0,"13":0,"14":0},"b":{"0":[0,0,0],"1":[0,0],"2":[0,0],"3":[0,0],"4":[0,0],"5":[0,0],"6":[0,0],"7":[0,0],"8":[0,0],"9":[0,0]}},"C:\\Users\\nicky.prusty\\Desktop\\Work\\QP\\FA3 React\\Integrated\\flightbooking-master\\flightbooking-master\\FlightBooking_Solution\\flight-booking\\src\\index.js":{"path":"C:\\Users\\nicky.prusty\\Desktop\\Work\\QP\\FA3 React\\Integrated\\flightbooking-master\\flightbooking-master\\FlightBooking_Solution\\flight-booking\\src\\index.js","statementMap":{"0":{"start":{"line":1,"column":32},"end":{"line":1,"column":198}},"1":{"start":{"line":1,"column":212},"end":{"line":1,"column":228}},"2":{"start":{"line":1,"column":243},"end":{"line":1,"column":273}},"3":{"start":{"line":2,"column":16},"end":{"line":2,"column":36}},"4":{"start":{"line":2,"column":54},"end":{"line":2,"column":87}},"5":{"start":{"line":3,"column":0},"end":{"line":3,"column":23}},"6":{"start":{"line":4,"column":11},"end":{"line":4,"column":27}},"7":{"start":{"line":4,"column":40},"end":{"line":4,"column":68}},"8":{"start":{"line":5,"column":29},"end":{"line":5,"column":63}},"9":{"start":{"line":5,"column":94},"end":{"line":5,"column":140}},"10":{"start":{"line":6,"column":0},"end":{"line":6,"column":48}},"11":{"start":{"line":7,"column":0},"end":{"line":7,"column":33}},"12":{"start":{"line":8,"column":0},"end":{"line":8,"column":46}},"13":{"start":{"line":8,"column":84},"end":{"line":8,"column":138}},"14":{"start":{"line":10,"column":0},"end":{"line":10,"column":182}},"15":{"start":{"line":12,"column":0},"end":{"line":12,"column":39}}},"fnMap":{"0":{"name":"_interopRequireDefault","decl":{"start":{"line":8,"column":55},"end":{"line":8,"column":77}},"loc":{"start":{"line":8,"column":83},"end":{"line":8,"column":139}},"line":8}},"branchMap":{"0":{"loc":{"start":{"line":8,"column":91},"end":{"line":8,"column":137}},"type":"cond-expr","locations":[{"start":{"line":8,"column":115},"end":{"line":8,"column":118}},{"start":{"line":8,"column":121},"end":{"line":8,"column":137}}],"line":8},"1":{"loc":{"start":{"line":8,"column":91},"end":{"line":8,"column":112}},"type":"binary-expr","locations":[{"start":{"line":8,"column":91},"end":{"line":8,"column":94}},{"start":{"line":8,"column":98},"end":{"line":8,"column":112}}],"line":8}},"s":{"0":0,"1":0,"2":0,"3":0,"4":0,"5":0,"6":0,"7":0,"8":0,"9":0,"10":0,"11":0,"12":0,"13":0,"14":0,"15":0},"f":{"0":0},"b":{"0":[0,0],"1":[0,0]}},"C:\\Users\\nicky.prusty\\Desktop\\Work\\QP\\FA3 React\\Integrated\\flightbooking-master\\flightbooking-master\\FlightBooking_Solution\\flight-booking\\src\\components\\evaluator.js":{"path":"C:\\Users\\nicky.prusty\\Desktop\\Work\\QP\\FA3 React\\Integrated\\flightbooking-master\\flightbooking-master\\FlightBooking_Solution\\flight-booking\\src\\components\\evaluator.js","statementMap":{"0":{"start":{"line":1,"column":13},"end":{"line":1,"column":75}},"1":{"start":{"line":1,"column":94},"end":{"line":1,"column":276}},"2":{"start":{"line":1,"column":290},"end":{"line":1,"column":306}},"3":{"start":{"line":1,"column":321},"end":{"line":1,"column":351}},"4":{"start":{"line":2,"column":0},"end":{"line":2,"column":22}},"5":{"start":{"line":3,"column":13},"end":{"line":3,"column":29}},"6":{"start":{"line":3,"column":44},"end":{"line":3,"column":74}},"7":{"start":{"line":4,"column":16},"end":{"line":4,"column":36}},"8":{"start":{"line":4,"column":54},"end":{"line":4,"column":87}},"9":{"start":{"line":4,"column":126},"end":{"line":4,"column":180}},"10":{"start":{"line":8,"column":8},"end":{"line":8,"column":21}},"11":{"start":{"line":8,"column":21},"end":{"line":23,"column":10}},"12":{"start":{"line":17,"column":12},"end":{"line":17,"column":47}},"13":{"start":{"line":18,"column":12},"end":{"line":18,"column":47}},"14":{"start":{"line":19,"column":12},"end":{"line":22,"column":59}},"15":{"start":{"line":20,"column":16},"end":{"line":20,"column":38}},"16":{"start":{"line":21,"column":16},"end":{"line":21,"column":60}},"17":{"start":{"line":22,"column":30},"end":{"line":22,"column":57}},"18":{"start":{"line":23,"column":10},"end":{"line":29,"column":10}},"19":{"start":{"line":26,"column":12},"end":{"line":28,"column":107}},"20":{"start":{"line":27,"column":30},"end":{"line":27,"column":57}},"21":{"start":{"line":27,"column":57},"end":{"line":27,"column":78}},"22":{"start":{"line":28,"column":26},"end":{"line":28,"column":43}},"23":{"start":{"line":28,"column":43},"end":{"line":28,"column":77}},"24":{"start":{"line":28,"column":77},"end":{"line":28,"column":104}},"25":{"start":{"line":29,"column":10},"end":{"line":59,"column":10}},"26":{"start":{"line":32,"column":12},"end":{"line":32,"column":50}},"27":{"start":{"line":33,"column":28},"end":{"line":33,"column":58}},"28":{"start":{"line":34,"column":12},"end":{"line":34,"column":41}},"29":{"start":{"line":35,"column":12},"end":{"line":35,"column":101}},"30":{"start":{"line":36,"column":12},"end":{"line":36,"column":174}},"31":{"start":{"line":37,"column":12},"end":{"line":37,"column":95}},"32":{"start":{"line":38,"column":12},"end":{"line":38,"column":69}},"33":{"start":{"line":39,"column":12},"end":{"line":39,"column":76}},"34":{"start":{"line":40,"column":12},"end":{"line":40,"column":46}},"35":{"start":{"line":41,"column":12},"end":{"line":58,"column":15}},"36":{"start":{"line":42,"column":16},"end":{"line":57,"column":17}},"37":{"start":{"line":43,"column":20},"end":{"line":43,"column":38}},"38":{"start":{"line":44,"column":20},"end":{"line":44,"column":54}},"39":{"start":{"line":45,"column":36},"end":{"line":45,"column":38}},"40":{"start":{"line":46,"column":20},"end":{"line":52,"column":21}},"41":{"start":{"line":47,"column":24},"end":{"line":51,"column":25}},"42":{"start":{"line":48,"column":28},"end":{"line":48,"column":291}},"43":{"start":{"line":50,"column":28},"end":{"line":50,"column":290}},"44":{"start":{"line":53,"column":20},"end":{"line":53,"column":670}},"45":{"start":{"line":54,"column":20},"end":{"line":54,"column":84}},"46":{"start":{"line":56,"column":20},"end":{"line":56,"column":187}},"47":{"start":{"line":59,"column":10},"end":{"line":59,"column":59}},"48":{"start":{"line":59,"column":59},"end":{"line":59,"column":86}},"49":{"start":{"line":59,"column":86},"end":{"line":59,"column":133}},"50":{"start":{"line":62,"column":8},"end":{"line":86,"column":118}},"51":{"start":{"line":90,"column":6},"end":{"line":94,"column":10}}},"fnMap":{"0":{"name":"_interopRequireDefault","decl":{"start":{"line":4,"column":97},"end":{"line":4,"column":119}},"loc":{"start":{"line":4,"column":125},"end":{"line":4,"column":181}},"line":4},"1":{"name":"(anonymous_1)","decl":{"start":{"line":7,"column":4},"end":{"line":7,"column":5}},"loc":{"start":{"line":7,"column":23},"end":{"line":59,"column":134}},"line":7},"2":{"name":"(anonymous_2)","decl":{"start":{"line":16,"column":18},"end":{"line":16,"column":19}},"loc":{"start":{"line":16,"column":24},"end":{"line":23,"column":9}},"line":16},"3":{"name":"(anonymous_3)","decl":{"start":{"line":19,"column":70},"end":{"line":19,"column":71}},"loc":{"start":{"line":19,"column":82},"end":{"line":22,"column":13}},"line":19},"4":{"name":"(anonymous_4)","decl":{"start":{"line":22,"column":21},"end":{"line":22,"column":22}},"loc":{"start":{"line":22,"column":30},"end":{"line":22,"column":57}},"line":22},"5":{"name":"(anonymous_5)","decl":{"start":{"line":25,"column":22},"end":{"line":25,"column":23}},"loc":{"start":{"line":25,"column":28},"end":{"line":29,"column":9}},"line":25},"6":{"name":"(anonymous_6)","decl":{"start":{"line":27,"column":17},"end":{"line":27,"column":18}},"loc":{"start":{"line":27,"column":29},"end":{"line":27,"column":79}},"line":27},"7":{"name":"(anonymous_7)","decl":{"start":{"line":28,"column":18},"end":{"line":28,"column":19}},"loc":{"start":{"line":28,"column":25},"end":{"line":28,"column":105}},"line":28},"8":{"name":"(anonymous_8)","decl":{"start":{"line":31,"column":19},"end":{"line":31,"column":20}},"loc":{"start":{"line":31,"column":25},"end":{"line":59,"column":9}},"line":31},"9":{"name":"(anonymous_9)","decl":{"start":{"line":41,"column":43},"end":{"line":41,"column":44}},"loc":{"start":{"line":41,"column":51},"end":{"line":58,"column":13}},"line":41},"10":{"name":"(anonymous_10)","decl":{"start":{"line":61,"column":4},"end":{"line":61,"column":5}},"loc":{"start":{"line":61,"column":13},"end":{"line":90,"column":5}},"line":61}},"branchMap":{"0":{"loc":{"start":{"line":4,"column":133},"end":{"line":4,"column":179}},"type":"cond-expr","locations":[{"start":{"line":4,"column":157},"end":{"line":4,"column":160}},{"start":{"line":4,"column":163},"end":{"line":4,"column":179}}],"line":4},"1":{"loc":{"start":{"line":4,"column":133},"end":{"line":4,"column":154}},"type":"binary-expr","locations":[{"start":{"line":4,"column":133},"end":{"line":4,"column":136}},{"start":{"line":4,"column":140},"end":{"line":4,"column":154}}],"line":4},"2":{"loc":{"start":{"line":42,"column":16},"end":{"line":57,"column":17}},"type":"if","locations":[{"start":{"line":42,"column":16},"end":{"line":57,"column":17}},{"start":{"line":42,"column":16},"end":{"line":57,"column":17}}],"line":42},"3":{"loc":{"start":{"line":47,"column":24},"end":{"line":51,"column":25}},"type":"if","locations":[{"start":{"line":47,"column":24},"end":{"line":51,"column":25}},{"start":{"line":47,"column":24},"end":{"line":51,"column":25}}],"line":47},"4":{"loc":{"start":{"line":65,"column":16},"end":{"line":72,"column":20}},"type":"cond-expr","locations":[{"start":{"line":66,"column":16},"end":{"line":69,"column":159}},{"start":{"line":72,"column":16},"end":{"line":72,"column":20}}],"line":65},"5":{"loc":{"start":{"line":86,"column":16},"end":{"line":86,"column":115}},"type":"cond-expr","locations":[{"start":{"line":86,"column":38},"end":{"line":86,"column":108}},{"start":{"line":86,"column":111},"end":{"line":86,"column":115}}],"line":86}},"s":{"0":0,"1":0,"2":0,"3":0,"4":0,"5":0,"6":0,"7":0,"8":0,"9":0,"10":0,"11":0,"12":0,"13":0,"14":0,"15":0,"16":0,"17":0,"18":0,"19":0,"20":0,"21":0,"22":0,"23":0,"24":0,"25":0,"26":0,"27":0,"28":0,"29":0,"30":0,"31":0,"32":0,"33":0,"34":0,"35":0,"36":0,"37":0,"38":0,"39":0,"40":0,"41":0,"42":0,"43":0,"44":0,"45":0,"46":0,"47":0,"48":0,"49":0,"50":0,"51":0},"f":{"0":0,"1":0,"2":0,"3":0,"4":0,"5":0,"6":0,"7":0,"8":0,"9":0,"10":0},"b":{"0":[0,0],"1":[0,0],"2":[0,0],"3":[0,0],"4":[0,0],"5":[0,0]}}}}